Model {
  Name			  "balon_model"
  Version		  7.7
  MdlSubVersion		  0
  GraphicalInterface {
    NumRootInports	    0
    NumRootOutports	    0
    ParameterArgumentNames  ""
    ComputedModelVersion    "1.62"
    NumModelReferences	    0
    NumTestPointedSignals   0
  }
  SavedCharacterEncoding  "windows-1250"
  SaveDefaultBlockParams  on
  ScopeRefreshTime	  0.035000
  OverrideScopeRefreshTime on
  DisableAllScopes	  off
  DataTypeOverride	  "UseLocalSettings"
  DataTypeOverrideAppliesTo "AllNumericTypes"
  MinMaxOverflowLogging	  "UseLocalSettings"
  MinMaxOverflowArchiveMode "Overwrite"
  MaxMDLFileLineLength	  120
  Created		  "Fri Nov 27 21:03:52 2015"
  Creator		  "Jakub"
  UpdateHistory		  "UpdateHistoryNever"
  ModifiedByFormat	  "%<Auto>"
  LastModifiedBy	  "Jakub"
  ModifiedDateFormat	  "%<Auto>"
  LastModifiedDate	  "Thu Dec 10 22:14:19 2015"
  RTWModifiedTimeStamp	  371685311
  ModelVersionFormat	  "1.%<AutoIncrement:62>"
  ConfigurationManager	  "None"
  SampleTimeColors	  off
  SampleTimeAnnotations	  off
  LibraryLinkDisplay	  "none"
  WideLines		  off
  ShowLineDimensions	  off
  ShowPortDataTypes	  off
  ShowLoopsOnError	  on
  IgnoreBidirectionalLines off
  ShowStorageClass	  off
  ShowTestPointIcons	  on
  ShowSignalResolutionIcons on
  ShowViewerIcons	  on
  SortedOrder		  off
  ExecutionContextIcon	  off
  ShowLinearizationAnnotations on
  BlockNameDataTip	  off
  BlockParametersDataTip  off
  BlockDescriptionStringDataTip	off
  ToolBar		  on
  StatusBar		  on
  BrowserShowLibraryLinks off
  BrowserLookUnderMasks	  off
  SimulationMode	  "normal"
  LinearizationMsg	  "none"
  Profile		  off
  ParamWorkspaceSource	  "MATLABWorkspace"
  AccelSystemTargetFile	  "accel.tlc"
  AccelTemplateMakefile	  "accel_default_tmf"
  AccelMakeCommand	  "make_rtw"
  TryForcingSFcnDF	  off
  Object {
    $PropName		    "DataLoggingOverride"
    $ObjectID		    1
    $ClassName		    "Simulink.SimulationData.ModelLoggingInfo"
    model_		    "balon_model"
    overrideMode_	    [0.0]
    Array {
      Type		      "Cell"
      Dimension		      1
      Cell		      "balon_model"
      PropName		      "logAsSpecifiedByModels_"
    }
    Array {
      Type		      "Cell"
      Dimension		      1
      Cell		      []
      PropName		      "logAsSpecifiedByModelsSSIDs_"
    }
  }
  RecordCoverage	  off
  CovPath		  "/"
  CovSaveName		  "covdata"
  CovMetricSettings	  "dw"
  CovNameIncrementing	  off
  CovHtmlReporting	  on
  CovForceBlockReductionOff on
  covSaveCumulativeToWorkspaceVar on
  CovSaveSingleToWorkspaceVar on
  CovCumulativeVarName	  "covCumulativeData"
  CovCumulativeReport	  off
  CovReportOnPause	  on
  CovModelRefEnable	  "Off"
  CovExternalEMLEnable	  off
  ExtModeBatchMode	  off
  ExtModeEnableFloating	  on
  ExtModeTrigType	  "manual"
  ExtModeTrigMode	  "normal"
  ExtModeTrigPort	  "1"
  ExtModeTrigElement	  "any"
  ExtModeTrigDuration	  1000
  ExtModeTrigDurationFloating "auto"
  ExtModeTrigHoldOff	  0
  ExtModeTrigDelay	  0
  ExtModeTrigDirection	  "rising"
  ExtModeTrigLevel	  0
  ExtModeArchiveMode	  "off"
  ExtModeAutoIncOneShot	  off
  ExtModeIncDirWhenArm	  off
  ExtModeAddSuffixToVar	  off
  ExtModeWriteAllDataToWs off
  ExtModeArmWhenConnect	  on
  ExtModeSkipDownloadWhenConnect off
  ExtModeLogAll		  on
  ExtModeAutoUpdateStatusClock on
  BufferReuse		  on
  ShowModelReferenceBlockVersion off
  ShowModelReferenceBlockIO off
  Array {
    Type		    "Handle"
    Dimension		    1
    Simulink.ConfigSet {
      $ObjectID		      2
      Version		      "1.11.0"
      Array {
	Type			"Handle"
	Dimension		9
	Simulink.SolverCC {
	  $ObjectID		  3
	  Version		  "1.11.0"
	  StartTime		  "0.0"
	  StopTime		  "1000"
	  AbsTol		  "auto"
	  FixedStep		  "auto"
	  InitialStep		  "auto"
	  MaxNumMinSteps	  "-1"
	  MaxOrder		  5
	  ZcThreshold		  "auto"
	  ConsecutiveZCsStepRelTol "10*128*eps"
	  MaxConsecutiveZCs	  "1000"
	  ExtrapolationOrder	  4
	  NumberNewtonIterations  1
	  MaxStep		  "auto"
	  MinStep		  "auto"
	  MaxConsecutiveMinStep	  "1"
	  RelTol		  "1e-3"
	  SolverMode		  "Auto"
	  ConcurrentTasks	  off
	  Solver		  "ode45"
	  SolverName		  "ode45"
	  SolverJacobianMethodControl "auto"
	  ShapePreserveControl	  "DisableAll"
	  ZeroCrossControl	  "UseLocalSettings"
	  ZeroCrossAlgorithm	  "Nonadaptive"
	  AlgebraicLoopSolver	  "TrustRegion"
	  SolverResetMethod	  "Fast"
	  PositivePriorityOrder	  off
	  AutoInsertRateTranBlk	  off
	  SampleTimeConstraint	  "Unconstrained"
	  InsertRTBMode		  "Whenever possible"
	}
	Simulink.DataIOCC {
	  $ObjectID		  4
	  Version		  "1.11.0"
	  Decimation		  "1"
	  ExternalInput		  "[t, u]"
	  FinalStateName	  "xFinal"
	  InitialState		  "xInitial"
	  LimitDataPoints	  on
	  MaxDataPoints		  "1000"
	  LoadExternalInput	  off
	  LoadInitialState	  off
	  SaveFinalState	  off
	  SaveCompleteFinalSimState off
	  SaveFormat		  "Array"
	  SignalLoggingSaveFormat "ModelDataLogs"
	  SaveOutput		  on
	  SaveState		  off
	  SignalLogging		  on
	  DSMLogging		  on
	  InspectSignalLogs	  off
	  SaveTime		  on
	  ReturnWorkspaceOutputs  off
	  StateSaveName		  "xout"
	  TimeSaveName		  "tout"
	  OutputSaveName	  "yout"
	  SignalLoggingName	  "logsout"
	  DSMLoggingName	  "dsmout"
	  OutputOption		  "RefineOutputTimes"
	  OutputTimes		  "[]"
	  ReturnWorkspaceOutputsName "out"
	  Refine		  "1"
	}
	Simulink.OptimizationCC {
	  $ObjectID		  5
	  Version		  "1.11.0"
	  Array {
	    Type		    "Cell"
	    Dimension		    8
	    Cell		    "BooleansAsBitfields"
	    Cell		    "PassReuseOutputArgsAs"
	    Cell		    "PassReuseOutputArgsThreshold"
	    Cell		    "ZeroExternalMemoryAtStartup"
	    Cell		    "ZeroInternalMemoryAtStartup"
	    Cell		    "OptimizeModelRefInitCode"
	    Cell		    "NoFixptDivByZeroProtection"
	    Cell		    "UseSpecifiedMinMax"
	    PropName		    "DisabledProps"
	  }
	  BlockReduction	  on
	  BooleanDataType	  on
	  ConditionallyExecuteInputs on
	  InlineParams		  off
	  UseIntDivNetSlope	  off
	  UseSpecifiedMinMax	  off
	  InlineInvariantSignals  off
	  OptimizeBlockIOStorage  on
	  BufferReuse		  on
	  EnhancedBackFolding	  off
	  StrengthReduction	  off
	  ExpressionFolding	  on
	  BooleansAsBitfields	  off
	  BitfieldContainerType	  "uint_T"
	  EnableMemcpy		  on
	  MemcpyThreshold	  64
	  PassReuseOutputArgsAs	  "Structure reference"
	  ExpressionDepthLimit	  2147483647
	  FoldNonRolledExpr	  on
	  LocalBlockOutputs	  on
	  RollThreshold		  5
	  SystemCodeInlineAuto	  off
	  StateBitsets		  off
	  DataBitsets		  off
	  UseTempVars		  off
	  ZeroExternalMemoryAtStartup on
	  ZeroInternalMemoryAtStartup on
	  InitFltsAndDblsToZero	  off
	  NoFixptDivByZeroProtection off
	  EfficientFloat2IntCast  off
	  EfficientMapNaN2IntZero on
	  OptimizeModelRefInitCode off
	  LifeSpan		  "inf"
	  MaxStackSize		  "Inherit from target"
	  BufferReusableBoundary  on
	  SimCompilerOptimization "Off"
	  AccelVerboseBuild	  off
	  AccelParallelForEachSubsystem	on
	}
	Simulink.DebuggingCC {
	  $ObjectID		  6
	  Version		  "1.11.0"
	  RTPrefix		  "error"
	  ConsistencyChecking	  "none"
	  ArrayBoundsChecking	  "none"
	  SignalInfNanChecking	  "none"
	  SignalRangeChecking	  "none"
	  ReadBeforeWriteMsg	  "UseLocalSettings"
	  WriteAfterWriteMsg	  "UseLocalSettings"
	  WriteAfterReadMsg	  "UseLocalSettings"
	  AlgebraicLoopMsg	  "warning"
	  ArtificialAlgebraicLoopMsg "warning"
	  SaveWithDisabledLinksMsg "warning"
	  SaveWithParameterizedLinksMsg	"warning"
	  CheckSSInitialOutputMsg on
	  UnderspecifiedInitializationDetection	"Classic"
	  MergeDetectMultiDrivingBlocksExec "none"
	  CheckExecutionContextPreStartOutputMsg off
	  CheckExecutionContextRuntimeOutputMsg	off
	  SignalResolutionControl "UseLocalSettings"
	  BlockPriorityViolationMsg "warning"
	  MinStepSizeMsg	  "warning"
	  TimeAdjustmentMsg	  "none"
	  MaxConsecutiveZCsMsg	  "error"
	  MaskedZcDiagnostic	  "warning"
	  IgnoredZcDiagnostic	  "warning"
	  SolverPrmCheckMsg	  "warning"
	  InheritedTsInSrcMsg	  "warning"
	  DiscreteInheritContinuousMsg "warning"
	  MultiTaskDSMMsg	  "error"
	  MultiTaskCondExecSysMsg "error"
	  MultiTaskRateTransMsg	  "error"
	  SingleTaskRateTransMsg  "none"
	  TasksWithSamePriorityMsg "warning"
	  SigSpecEnsureSampleTimeMsg "warning"
	  CheckMatrixSingularityMsg "none"
	  IntegerOverflowMsg	  "warning"
	  Int32ToFloatConvMsg	  "warning"
	  ParameterDowncastMsg	  "error"
	  ParameterOverflowMsg	  "error"
	  ParameterUnderflowMsg	  "none"
	  ParameterPrecisionLossMsg "warning"
	  ParameterTunabilityLossMsg "warning"
	  FixptConstUnderflowMsg  "none"
	  FixptConstOverflowMsg	  "none"
	  FixptConstPrecisionLossMsg "none"
	  UnderSpecifiedDataTypeMsg "none"
	  UnnecessaryDatatypeConvMsg "none"
	  VectorMatrixConversionMsg "none"
	  InvalidFcnCallConnMsg	  "error"
	  FcnCallInpInsideContextMsg "Use local settings"
	  SignalLabelMismatchMsg  "none"
	  UnconnectedInputMsg	  "warning"
	  UnconnectedOutputMsg	  "warning"
	  UnconnectedLineMsg	  "warning"
	  SFcnCompatibilityMsg	  "none"
	  UniqueDataStoreMsg	  "none"
	  BusObjectLabelMismatch  "warning"
	  RootOutportRequireBusObject "warning"
	  AssertControl		  "UseLocalSettings"
	  EnableOverflowDetection off
	  ModelReferenceIOMsg	  "none"
	  ModelReferenceMultiInstanceNormalModeStructChecksumCheck "error"
	  ModelReferenceVersionMismatchMessage "none"
	  ModelReferenceIOMismatchMessage "none"
	  ModelReferenceCSMismatchMessage "none"
	  UnknownTsInhSupMsg	  "warning"
	  ModelReferenceDataLoggingMessage "warning"
	  ModelReferenceSymbolNameMessage "warning"
	  ModelReferenceExtraNoncontSigs "error"
	  StateNameClashWarn	  "warning"
	  SimStateInterfaceChecksumMismatchMsg "warning"
	  SimStateOlderReleaseMsg "error"
	  InitInArrayFormatMsg	  "warning"
	  StrictBusMsg		  "ErrorLevel1"
	  BusNameAdapt		  "WarnAndRepair"
	  NonBusSignalsTreatedAsBus "none"
	  LoggingUnavailableSignals "error"
	  BlockIODiagnostic	  "none"
	  SFUnusedDataAndEventsDiag "warning"
	  SFUnexpectedBacktrackingDiag "warning"
	  SFInvalidInputDataAccessInChartInitDiag "warning"
	  SFNoUnconditionalDefaultTransitionDiag "warning"
	  SFTransitionOutsideNaturalParentDiag "warning"
	}
	Simulink.HardwareCC {
	  $ObjectID		  7
	  Version		  "1.11.0"
	  ProdBitPerChar	  8
	  ProdBitPerShort	  16
	  ProdBitPerInt		  32
	  ProdBitPerLong	  32
	  ProdBitPerFloat	  32
	  ProdBitPerDouble	  64
	  ProdBitPerPointer	  32
	  ProdLargestAtomicInteger "Char"
	  ProdLargestAtomicFloat  "None"
	  ProdIntDivRoundTo	  "Undefined"
	  ProdEndianess		  "Unspecified"
	  ProdWordSize		  32
	  ProdShiftRightIntArith  on
	  ProdHWDeviceType	  "32-bit Generic"
	  TargetBitPerChar	  8
	  TargetBitPerShort	  16
	  TargetBitPerInt	  32
	  TargetBitPerLong	  32
	  TargetBitPerFloat	  32
	  TargetBitPerDouble	  64
	  TargetBitPerPointer	  32
	  TargetLargestAtomicInteger "Char"
	  TargetLargestAtomicFloat "None"
	  TargetShiftRightIntArith on
	  TargetIntDivRoundTo	  "Undefined"
	  TargetEndianess	  "Unspecified"
	  TargetWordSize	  32
	  TargetTypeEmulationWarnSuppressLevel 0
	  TargetPreprocMaxBitsSint 32
	  TargetPreprocMaxBitsUint 32
	  TargetHWDeviceType	  "Specified"
	  TargetUnknown		  off
	  ProdEqTarget		  on
	}
	Simulink.ModelReferenceCC {
	  $ObjectID		  8
	  Version		  "1.11.0"
	  UpdateModelReferenceTargets "IfOutOfDateOrStructuralChange"
	  CheckModelReferenceTargetMessage "error"
	  EnableParallelModelReferenceBuilds off
	  ParallelModelReferenceErrorOnInvalidPool on
	  ParallelModelReferenceMATLABWorkerInit "None"
	  ModelReferenceNumInstancesAllowed "Multi"
	  PropagateVarSize	  "Infer from blocks in model"
	  ModelReferencePassRootInputsByReference on
	  ModelReferenceMinAlgLoopOccurrences off
	  PropagateSignalLabelsOutOfModel off
	  SupportModelReferenceSimTargetCustomCode off
	}
	Simulink.SFSimCC {
	  $ObjectID		  9
	  Version		  "1.11.0"
	  SFSimEnableDebug	  on
	  SFSimOverflowDetection  on
	  SFSimEcho		  on
	  SimBlas		  on
	  SimCtrlC		  on
	  SimExtrinsic		  on
	  SimIntegrity		  on
	  SimUseLocalCustomCode	  off
	  SimParseCustomCode	  on
	  SimBuildMode		  "sf_incremental_build"
	}
	Simulink.RTWCC {
	  $BackupClass		  "Simulink.RTWCC"
	  $ObjectID		  10
	  Version		  "1.11.0"
	  Array {
	    Type		    "Cell"
	    Dimension		    8
	    Cell		    "IncludeHyperlinkInReport"
	    Cell		    "GenerateTraceInfo"
	    Cell		    "GenerateTraceReport"
	    Cell		    "GenerateTraceReportSl"
	    Cell		    "GenerateTraceReportSf"
	    Cell		    "GenerateTraceReportEml"
	    Cell		    "GenerateSLWebview"
	    Cell		    "GenerateCodeMetricsReport"
	    PropName		    "DisabledProps"
	  }
	  SystemTargetFile	  "grt.tlc"
	  GenCodeOnly		  off
	  MakeCommand		  "make_rtw"
	  GenerateMakefile	  on
	  TemplateMakefile	  "grt_default_tmf"
	  GenerateReport	  off
	  SaveLog		  off
	  RTWVerbose		  on
	  RetainRTWFile		  off
	  ProfileTLC		  off
	  TLCDebug		  off
	  TLCCoverage		  off
	  TLCAssert		  off
	  ProcessScriptMode	  "Default"
	  ConfigurationMode	  "Optimized"
	  ConfigAtBuild		  off
	  RTWUseLocalCustomCode	  off
	  RTWUseSimCustomCode	  off
	  IncludeHyperlinkInReport off
	  LaunchReport		  off
	  TargetLang		  "C"
	  IncludeBusHierarchyInRTWFileBlockHierarchyMap	off
	  IncludeERTFirstTime	  off
	  GenerateTraceInfo	  off
	  GenerateTraceReport	  off
	  GenerateTraceReportSl	  off
	  GenerateTraceReportSf	  off
	  GenerateTraceReportEml  off
	  GenerateCodeInfo	  off
	  GenerateSLWebview	  off
	  GenerateCodeMetricsReport off
	  RTWCompilerOptimization "Off"
	  CheckMdlBeforeBuild	  "Off"
	  CustomRebuildMode	  "OnUpdate"
	  Array {
	    Type		    "Handle"
	    Dimension		    2
	    Simulink.CodeAppCC {
	      $ObjectID		      11
	      Version		      "1.11.0"
	      Array {
		Type			"Cell"
		Dimension		21
		Cell			"IgnoreCustomStorageClasses"
		Cell			"IgnoreTestpoints"
		Cell			"InsertBlockDesc"
		Cell			"InsertPolySpaceComments"
		Cell			"SFDataObjDesc"
		Cell			"MATLABFcnDesc"
		Cell			"SimulinkDataObjDesc"
		Cell			"DefineNamingRule"
		Cell			"SignalNamingRule"
		Cell			"ParamNamingRule"
		Cell			"InlinedPrmAccess"
		Cell			"CustomSymbolStr"
		Cell			"CustomSymbolStrGlobalVar"
		Cell			"CustomSymbolStrType"
		Cell			"CustomSymbolStrField"
		Cell			"CustomSymbolStrFcn"
		Cell			"CustomSymbolStrFcnArg"
		Cell			"CustomSymbolStrBlkIO"
		Cell			"CustomSymbolStrTmpVar"
		Cell			"CustomSymbolStrMacro"
		Cell			"ReqsInCode"
		PropName		"DisabledProps"
	      }
	      ForceParamTrailComments off
	      GenerateComments	      on
	      IgnoreCustomStorageClasses on
	      IgnoreTestpoints	      off
	      IncHierarchyInIds	      off
	      MaxIdLength	      31
	      PreserveName	      off
	      PreserveNameWithParent  off
	      ShowEliminatedStatement off
	      IncAutoGenComments      off
	      SimulinkDataObjDesc     off
	      SFDataObjDesc	      off
	      MATLABFcnDesc	      off
	      IncDataTypeInIds	      off
	      MangleLength	      1
	      CustomSymbolStrGlobalVar "$R$N$M"
	      CustomSymbolStrType     "$N$R$M"
	      CustomSymbolStrField    "$N$M"
	      CustomSymbolStrFcn      "$R$N$M$F"
	      CustomSymbolStrFcnArg   "rt$I$N$M"
	      CustomSymbolStrBlkIO    "rtb_$N$M"
	      CustomSymbolStrTmpVar   "$N$M"
	      CustomSymbolStrMacro    "$R$N$M"
	      DefineNamingRule	      "None"
	      ParamNamingRule	      "None"
	      SignalNamingRule	      "None"
	      InsertBlockDesc	      off
	      InsertPolySpaceComments off
	      SimulinkBlockComments   on
	      MATLABSourceComments    off
	      EnableCustomComments    off
	      InlinedPrmAccess	      "Literals"
	      ReqsInCode	      off
	      UseSimReservedNames     off
	    }
	    Simulink.GRTTargetCC {
	      $BackupClass	      "Simulink.TargetCC"
	      $ObjectID		      12
	      Version		      "1.11.0"
	      Array {
		Type			"Cell"
		Dimension		16
		Cell			"GeneratePreprocessorConditionals"
		Cell			"IncludeMdlTerminateFcn"
		Cell			"CombineOutputUpdateFcns"
		Cell			"SuppressErrorStatus"
		Cell			"ERTCustomFileBanners"
		Cell			"GenerateSampleERTMain"
		Cell			"GenerateTestInterfaces"
		Cell			"ModelStepFunctionPrototypeControlCompliant"
		Cell			"CPPClassGenCompliant"
		Cell			"MultiInstanceERTCode"
		Cell			"PurelyIntegerCode"
		Cell			"SupportComplex"
		Cell			"SupportAbsoluteTime"
		Cell			"SupportContinuousTime"
		Cell			"SupportNonInlinedSFcns"
		Cell			"PortableWordSizes"
		PropName		"DisabledProps"
	      }
	      TargetFcnLib	      "ansi_tfl_table_tmw.mat"
	      TargetLibSuffix	      ""
	      TargetPreCompLibLocation ""
	      TargetFunctionLibrary   "ANSI_C"
	      UtilityFuncGeneration   "Auto"
	      ERTMultiwordTypeDef     "System defined"
	      FunctionExecutionProfile off
	      CodeExecutionProfiling  off
	      ERTCodeCoverageTool     "None"
	      ERTMultiwordLength      256
	      MultiwordLength	      2048
	      GenerateFullHeader      on
	      GenerateSampleERTMain   off
	      GenerateTestInterfaces  off
	      IsPILTarget	      off
	      ModelReferenceCompliant on
	      ParMdlRefBuildCompliant on
	      CompOptLevelCompliant   on
	      IncludeMdlTerminateFcn  on
	      GeneratePreprocessorConditionals "Disable all"
	      CombineOutputUpdateFcns off
	      CombineSignalStateStructs	off
	      SuppressErrorStatus     off
	      ERTFirstTimeCompliant   off
	      IncludeFileDelimiter    "Auto"
	      ERTCustomFileBanners    off
	      SupportAbsoluteTime     on
	      LogVarNameModifier      "rt_"
	      MatFileLogging	      on
	      MultiInstanceERTCode    off
	      SupportNonFinite	      on
	      SupportComplex	      on
	      PurelyIntegerCode	      off
	      SupportContinuousTime   on
	      SupportNonInlinedSFcns  on
	      SupportVariableSizeSignals off
	      EnableShiftOperators    on
	      ParenthesesLevel	      "Nominal"
	      PortableWordSizes	      off
	      ModelStepFunctionPrototypeControlCompliant off
	      CPPClassGenCompliant    off
	      AutosarCompliant	      off
	      UseMalloc		      off
	      ExtMode		      off
	      ExtModeStaticAlloc      off
	      ExtModeTesting	      off
	      ExtModeStaticAllocSize  1000000
	      ExtModeTransport	      0
	      ExtModeMexFile	      "ext_comm"
	      ExtModeIntrfLevel	      "Level1"
	      RTWCAPISignals	      off
	      RTWCAPIParams	      off
	      RTWCAPIStates	      off
	      RTWCAPIRootIO	      off
	      GenerateASAP2	      off
	    }
	    PropName		    "Components"
	  }
	}
	hdlcoderui.hdlcc {
	  $ObjectID		  13
	  Version		  "1.11.0"
	  Description		  "HDL Coder custom configuration component"
	  Name			  "HDL Coder"
	  Array {
	    Type		    "Cell"
	    Dimension		    1
	    Cell		    ""
	    PropName		    "HDLConfigFile"
	  }
	  HDLCActiveTab		  "0"
	}
	PropName		"Components"
      }
      Name		      "Configuration"
      CurrentDlgPage	      "Solver"
      ConfigPrmDlgPosition     [ 328, 117, 1208, 747 ] 
    }
    PropName		    "ConfigurationSets"
  }
  Simulink.ConfigSet {
    $PropName		    "ActiveConfigurationSet"
    $ObjectID		    2
  }
  BlockDefaults {
    ForegroundColor	    "black"
    BackgroundColor	    "white"
    DropShadow		    off
    NamePlacement	    "normal"
    FontName		    "Helvetica"
    FontSize		    10
    FontWeight		    "normal"
    FontAngle		    "normal"
    ShowName		    on
    BlockRotation	    0
    BlockMirror		    off
  }
  AnnotationDefaults {
    HorizontalAlignment	    "center"
    VerticalAlignment	    "middle"
    ForegroundColor	    "black"
    BackgroundColor	    "white"
    DropShadow		    off
    FontName		    "Helvetica"
    FontSize		    10
    FontWeight		    "normal"
    FontAngle		    "normal"
    UseDisplayTextAsClickCallback off
  }
  LineDefaults {
    FontName		    "Helvetica"
    FontSize		    9
    FontWeight		    "normal"
    FontAngle		    "normal"
  }
  BlockParameterDefaults {
    Block {
      BlockType		      Constant
      Value		      "1"
      VectorParams1D	      on
      SamplingMode	      "Sample based"
      OutMin		      "[]"
      OutMax		      "[]"
      OutDataTypeStr	      "Inherit: Inherit from 'Constant value'"
      LockScale		      off
      SampleTime	      "inf"
      FramePeriod	      "inf"
      PreserveConstantTs      off
    }
    Block {
      BlockType		      Demux
      Outputs		      "4"
      DisplayOption	      "none"
      BusSelectionMode	      off
    }
    Block {
      BlockType		      From
      IconDisplay	      "Tag"
      TagVisibility	      "local"
    }
    Block {
      BlockType		      Gain
      Gain		      "1"
      Multiplication	      "Element-wise(K.*u)"
      ParamMin		      "[]"
      ParamMax		      "[]"
      ParamDataTypeStr	      "Inherit: Same as input"
      OutMin		      "[]"
      OutMax		      "[]"
      OutDataTypeStr	      "Inherit: Same as input"
      LockScale		      off
      RndMeth		      "Floor"
      SaturateOnIntegerOverflow	on
      SampleTime	      "-1"
    }
    Block {
      BlockType		      Goto
      IconDisplay	      "Tag"
    }
    Block {
      BlockType		      Inport
      Port		      "1"
      OutputFunctionCall      off
      OutMin		      "[]"
      OutMax		      "[]"
      OutDataTypeStr	      "Inherit: auto"
      LockScale		      off
      BusOutputAsStruct	      off
      PortDimensions	      "-1"
      VarSizeSig	      "Inherit"
      SampleTime	      "-1"
      SignalType	      "auto"
      SamplingMode	      "auto"
      LatchByDelayingOutsideSignal off
      LatchInputForFeedbackSignals off
      Interpolate	      on
    }
    Block {
      BlockType		      Integrator
      ExternalReset	      "none"
      InitialConditionSource  "internal"
      InitialCondition	      "0"
      LimitOutput	      off
      UpperSaturationLimit    "inf"
      LowerSaturationLimit    "-inf"
      ShowSaturationPort      off
      ShowStatePort	      off
      AbsoluteTolerance	      "auto"
      IgnoreLimit	      off
      ZeroCross		      on
      ContinuousStateAttributes	"''"
    }
    Block {
      BlockType		      Math
      Operator		      "exp"
      OutputSignalType	      "auto"
      SampleTime	      "-1"
      OutMin		      "[]"
      OutMax		      "[]"
      OutDataTypeStr	      "Inherit: Same as first input"
      LockScale		      off
      RndMeth		      "Floor"
      SaturateOnIntegerOverflow	on
      IntermediateResultsDataTypeStr "Inherit: Inherit via internal rule"
      AlgorithmType	      "Newton-Raphson"
      Iterations	      "3"
    }
    Block {
      BlockType		      Mux
      Inputs		      "4"
      DisplayOption	      "none"
      UseBusObject	      off
      BusObject		      "BusObject"
      NonVirtualBus	      off
    }
    Block {
      BlockType		      Outport
      Port		      "1"
      OutMin		      "[]"
      OutMax		      "[]"
      OutDataTypeStr	      "Inherit: auto"
      LockScale		      off
      BusOutputAsStruct	      off
      PortDimensions	      "-1"
      VarSizeSig	      "Inherit"
      SampleTime	      "-1"
      SignalType	      "auto"
      SamplingMode	      "auto"
      SourceOfInitialOutputValue "Dialog"
      OutputWhenDisabled      "held"
      InitialOutput	      "[]"
    }
    Block {
      BlockType		      Product
      Inputs		      "2"
      Multiplication	      "Element-wise(.*)"
      CollapseMode	      "All dimensions"
      CollapseDim	      "1"
      InputSameDT	      on
      OutMin		      "[]"
      OutMax		      "[]"
      OutDataTypeStr	      "Inherit: Same as first input"
      LockScale		      off
      RndMeth		      "Zero"
      SaturateOnIntegerOverflow	on
      SampleTime	      "-1"
    }
    Block {
      BlockType		      S-Function
      FunctionName	      "system"
      SFunctionModules	      "''"
      PortCounts	      "[]"
      SFunctionDeploymentMode off
    }
    Block {
      BlockType		      Scope
      ModelBased	      off
      TickLabels	      "OneTimeTick"
      ZoomMode		      "on"
      Grid		      "on"
      TimeRange		      "auto"
      YMin		      "-5"
      YMax		      "5"
      SaveToWorkspace	      off
      SaveName		      "ScopeData"
      LimitDataPoints	      on
      MaxDataPoints	      "5000"
      Decimation	      "1"
      SampleInput	      off
      SampleTime	      "-1"
    }
    Block {
      BlockType		      SubSystem
      ShowPortLabels	      "FromPortIcon"
      Permissions	      "ReadWrite"
      PermitHierarchicalResolution "All"
      TreatAsAtomicUnit	      off
      CheckFcnCallInpInsideContextMsg off
      SystemSampleTime	      "-1"
      RTWFcnNameOpts	      "Auto"
      RTWFileNameOpts	      "Auto"
      RTWMemSecFuncInitTerm   "Inherit from model"
      RTWMemSecFuncExecute    "Inherit from model"
      RTWMemSecDataConstants  "Inherit from model"
      RTWMemSecDataInternal   "Inherit from model"
      RTWMemSecDataParameters "Inherit from model"
      SimViewingDevice	      off
      DataTypeOverride	      "UseLocalSettings"
      DataTypeOverrideAppliesTo	"AllNumericTypes"
      MinMaxOverflowLogging   "UseLocalSettings"
      Variant		      off
      GeneratePreprocessorConditionals off
    }
    Block {
      BlockType		      Sum
      IconShape		      "rectangular"
      Inputs		      "++"
      CollapseMode	      "All dimensions"
      CollapseDim	      "1"
      InputSameDT	      on
      AccumDataTypeStr	      "Inherit: Inherit via internal rule"
      OutMin		      "[]"
      OutMax		      "[]"
      OutDataTypeStr	      "Inherit: Same as first input"
      LockScale		      off
      RndMeth		      "Floor"
      SaturateOnIntegerOverflow	on
      SampleTime	      "-1"
    }
    Block {
      BlockType		      Switch
      Criteria		      "u2 >= Threshold"
      Threshold		      "0"
      InputSameDT	      on
      OutMin		      "[]"
      OutMax		      "[]"
      OutDataTypeStr	      "Inherit: Inherit via internal rule"
      LockScale		      off
      RndMeth		      "Floor"
      SaturateOnIntegerOverflow	on
      ZeroCross		      on
      SampleTime	      "-1"
      AllowDiffInputSizes     off
    }
    Block {
      BlockType		      Terminator
    }
  }
  System {
    Name		    "balon_model"
    Location		    [2, 75, 1517, 805]
    Open		    on
    ModelBrowserVisibility  off
    ModelBrowserWidth	    200
    ScreenColor		    "white"
    PaperOrientation	    "landscape"
    PaperPositionMode	    "auto"
    PaperType		    "A4"
    PaperUnits		    "centimeters"
    TiledPaperMargins	    [1.270000, 1.270000, 1.270000, 1.270000]
    TiledPageScale	    1
    ShowPageBoundaries	    off
    ZoomFactor		    "100"
    ReportName		    "simulink-default.rpt"
    SIDHighWatermark	    "80"
    Block {
      BlockType		      Constant
      Name		      "!!!!!!!!!!!\ntylko tymczasowe"
      SID		      "28"
      Position		      [610, 775, 640, 805]
      Value		      "9.81"
    }
    Block {
      BlockType		      Constant
      Name		      "Constant"
      SID		      "32"
      Position		      [1185, 2275, 1215, 2305]
    }
    Block {
      BlockType		      Constant
      Name		      "Constant\nmase podnosimy \ndo potegi -1"
      SID		      "21"
      Position		      [270, 840, 300, 870]
      Value		      "-1"
    }
    Block {
      BlockType		      Constant
      Name		      "Constant\nmase podnosimy \ndo potegi -2"
      SID		      "80"
      Position		      [655, 2010, 685, 2040]
      Value		      "-1"
    }
    Block {
      BlockType		      Constant
      Name		      "Constant - temp. poczatkowa\npowietrza w balonie"
      SID		      "10"
      Position		      [785, 750, 815, 780]
      BlockRotation	      270
      Value		      "T0"
    }
    Block {
      BlockType		      Product
      Name		      "F = mbalonu * g"
      SID		      "27"
      Ports		      [2, 1]
      Position		      [705, 827, 735, 858]
      InputSameDT	      off
      OutDataTypeStr	      "Inherit: Inherit via internal rule"
      SaturateOnIntegerOverflow	off
      Port {
	PortNumber		1
	Name			"sila ciezkosci balonu [ N ]"
	RTWStorageClass		"Auto"
	DataLoggingNameMode	"SignalName"
      }
    }
    Block {
      BlockType		      From
      Name		      "From"
      SID		      "71"
      Position		      [340, 1923, 470, 1957]
      GotoTag		      "aktualneCisnienie"
    }
    Block {
      BlockType		      From
      Name		      "From1"
      SID		      "73"
      Position		      [340, 1983, 470, 2017]
      GotoTag		      "aktualnaTemp"
    }
    Block {
      BlockType		      Product
      Name		      "Fw = ro * g * V"
      SID		      "30"
      Ports		      [3, 1]
      Position		      [705, 964, 735, 996]
      Inputs		      "3"
      InputSameDT	      off
      OutDataTypeStr	      "Inherit: Inherit via internal rule"
      SaturateOnIntegerOverflow	off
      Port {
	PortNumber		1
	Name			"sila wyporu [ N ]"
	RTWStorageClass		"Auto"
	DataLoggingNameMode	"SignalName"
      }
    }
    Block {
      BlockType		      Product
      Name		      "Fwypadkowa/masa [ m / s^2 ]"
      SID		      "38"
      Ports		      [2, 1]
      Position		      [1075, 889, 1120, 936]
      Inputs		      "*/"
      InputSameDT	      off
      OutDataTypeStr	      "Inherit: Inherit via internal rule"
      SaturateOnIntegerOverflow	off
      Port {
	PortNumber		1
	Name			"przyspieszenie\npowstale w wyniku sily\nwyporu i ciezkosci [ m / s^2 ]"
	RTWStorageClass		"Auto"
	DataLoggingNameMode	"SignalName"
      }
    }
    Block {
      BlockType		      Gain
      Name		      "Gain"
      SID		      "8"
      Position		      [525, 434, 590, 486]
      Gain		      "P/Cw"
      ParamDataTypeStr	      "Inherit: Inherit via internal rule"
      OutDataTypeStr	      "Inherit: Inherit via internal rule"
      SaturateOnIntegerOverflow	off
    }
    Block {
      BlockType		      Gain
      Name		      "Gain1"
      SID		      "11"
      Position		      [350, 638, 435, 702]
      BlockMirror	      on
      NamePlacement	      "alternate"
      Gain		      "R/(Mp*p0)"
      ParamDataTypeStr	      "Inherit: Inherit via internal rule"
      OutDataTypeStr	      "Inherit: Inherit via internal rule"
      SaturateOnIntegerOverflow	off
      Port {
	PortNumber		1
	Name			"odwrotnosc gestosci \npowietrzaw balonie [ m^3 / kg ]"
	RTWStorageClass		"Auto"
	DataLoggingNameMode	"SignalName"
      }
    }
    Block {
      BlockType		      Gain
      Name		      "Gain2"
      SID		      "12"
      Position		      [230, 438, 300, 482]
      Gain		      "1/V"
      ParamDataTypeStr	      "Inherit: Inherit via internal rule"
      OutDataTypeStr	      "Inherit: Inherit via internal rule"
      SaturateOnIntegerOverflow	off
      Port {
	PortNumber		1
	Name			"odwrotnosc masy powietrza\nw balonie [ 1 / kg ]"
	RTWStorageClass		"Auto"
	DataLoggingNameMode	"SignalName"
      }
    }
    Block {
      BlockType		      Gain
      Name		      "Gain3"
      SID		      "23"
      Position		      [775, 441, 830, 479]
      Gain		      "sprP"
      ParamDataTypeStr	      "Inherit: Inherit via internal rule"
      OutDataTypeStr	      "Inherit: Inherit via internal rule"
      SaturateOnIntegerOverflow	off
      Port {
	PortNumber		1
	Name			"temperatura, ktora\ndociera do balonu\n- chodzi o sprawnosc\npalnika"
	RTWStorageClass		"Auto"
	DataLoggingNameMode	"SignalName"
      }
    }
    Block {
      BlockType		      Gain
      Name		      "Gain4"
      SID		      "39"
      Position		      [1010, 442, 1060, 478]
      ParamDataTypeStr	      "Inherit: Inherit via internal rule"
      OutDataTypeStr	      "Inherit: Inherit via internal rule"
      SaturateOnIntegerOverflow	off
    }
    Block {
      BlockType		      Gain
      Name		      "Gain5"
      SID		      "59"
      Position		      [395, 1634, 510, 1686]
      Gain		      "spadekTemp/T0"
      ParamDataTypeStr	      "Inherit: Inherit via internal rule"
      OutDataTypeStr	      "Inherit: Inherit via internal rule"
      SaturateOnIntegerOverflow	off
      Port {
	PortNumber		1
	Name			"(spadekTemp * h)/(T0)"
	RTWStorageClass		"Auto"
	DataLoggingNameMode	"SignalName"
      }
    }
    Block {
      BlockType		      Gain
      Name		      "Gain6"
      SID		      "64"
      Position		      [910, 1634, 1025, 1686]
      Gain		      "p0"
      ParamDataTypeStr	      "Inherit: Inherit via internal rule"
      OutDataTypeStr	      "Inherit: Inherit via internal rule"
      SaturateOnIntegerOverflow	off
      Port {
	PortNumber		1
	Name			"cisnienie na danej\nwysokosci nad poziomem\nmorza [ Pa ]"
	RTWStorageClass		"Auto"
	DataLoggingNameMode	"SignalName"
      }
    }
    Block {
      BlockType		      Gain
      Name		      "Gain7"
      SID		      "72"
      Position		      [525, 1918, 645, 1962]
      Gain		      "Mp/R"
      ParamDataTypeStr	      "Inherit: Inherit via internal rule"
      OutDataTypeStr	      "Inherit: Inherit via internal rule"
      SaturateOnIntegerOverflow	off
    }
    Block {
      BlockType		      Goto
      Name		      "Goto"
      SID		      "67"
      Position		      [1135, 1494, 1245, 1526]
      GotoTag		      "aktualnaTemp"
      TagVisibility	      "local"
    }
    Block {
      BlockType		      Goto
      Name		      "Goto1"
      SID		      "68"
      Position		      [1140, 1645, 1245, 1675]
      GotoTag		      "aktualneCisnienie"
      TagVisibility	      "local"
    }
    Block {
      BlockType		      Goto
      Name		      "Goto2"
      SID		      "69"
      Position		      [1010, 1805, 1245, 1835]
      GotoTag		      "aktualnePrzyspieszenieZiemskie"
      TagVisibility	      "local"
    }
    Block {
      BlockType		      Goto
      Name		      "Goto3"
      SID		      "70"
      Position		      [1090, 1935, 1255, 1965]
      GotoTag		      "aktualnaGestoscPow"
      TagVisibility	      "local"
    }
    Block {
      BlockType		      Integrator
      Name		      "Integrator dT / dt = P / ( Cw * m)"
      SID		      "3"
      Ports		      [1, 1]
      Position		      [630, 445, 660, 475]
      Port {
	PortNumber		1
	Name			"dostarczona temp [ K ]"
	RTWStorageClass		"Auto"
	DataLoggingNameMode	"SignalName"
      }
    }
    Block {
      BlockType		      SubSystem
      Name		      "MATLAB Function"
      SID		      "66"
      Ports		      [1, 1]
      Position		      [405, 1795, 490, 1845]
      LibraryVersion	      "1.32"
      ErrorFcn		      "Stateflow.Translate.translate"
      PermitHierarchicalResolution "ExplicitOnly"
      TreatAsAtomicUnit	      on
      MinAlgLoopOccurrences   off
      PropExecContextOutsideSubsystem off
      RTWSystemCode	      "Auto"
      FunctionWithSeparateData off
      Opaque		      off
      RequestExecContextInheritance off
      MaskHideContents	      off
      MaskType		      "Stateflow"
      MaskDescription	      "Embedded MATLAB block"
      MaskSelfModifiable      on
      MaskDisplay	      "bgColor = Simulink.Root.ColorString2Rgb(get_param(gcbh, 'BackgroundColor')); image(imread('pr"
      "ivate/eml_membrane_16.png','png','BackgroundColor',bgColor(1:3)),'center'); disp([10 10 'fcn']);"
      MaskIconFrame	      on
      MaskIconOpaque	      off
      MaskIconRotate	      "none"
      MaskPortRotate	      "default"
      MaskIconUnits	      "normalized"
      Port {
	PortNumber		1
	Name			"Przyspieszenie ziemskie\nna danej wysokosci [ m / s^2 ]"
	PropagatedSignals	"y"
	RTWStorageClass		"Auto"
	DataLoggingNameMode	"SignalName"
      }
      System {
	Name			"MATLAB Function"
	Location		[257, 457, 812, 717]
	Open			off
	ModelBrowserVisibility	off
	ModelBrowserWidth	200
	ScreenColor		"white"
	PaperOrientation	"landscape"
	PaperPositionMode	"auto"
	PaperType		"A4"
	PaperUnits		"centimeters"
	TiledPaperMargins	[1.270000, 1.270000, 1.270000, 1.270000]
	TiledPageScale		1
	ShowPageBoundaries	off
	ZoomFactor		"100"
	SIDHighWatermark	"17"
	Block {
	  BlockType		  Inport
	  Name			  "wysokoscNadPoziomemMorza"
	  SID			  "66::1"
	  Position		  [20, 101, 40, 119]
	  IconDisplay		  "Port number"
	}
	Block {
	  BlockType		  Demux
	  Name			  " Demux "
	  SID			  "66::15"
	  Ports			  [1, 1]
	  Position		  [270, 160, 320, 200]
	  Outputs		  "1"
	}
	Block {
	  BlockType		  S-Function
	  Name			  " SFunction "
	  SID			  "66::14"
	  Tag			  "Stateflow S-Function balon_model 2"
	  Ports			  [1, 2]
	  Position		  [180, 100, 230, 160]
	  FunctionName		  "sf_sfun"
	  PortCounts		  "[1 2]"
	  EnableBusSupport	  on
	  Port {
	    PortNumber		    2
	    Name		    "y"
	    RTWStorageClass	    "Auto"
	    DataLoggingNameMode	    "SignalName"
	  }
	}
	Block {
	  BlockType		  Terminator
	  Name			  " Terminator "
	  SID			  "66::17"
	  Position		  [460, 171, 480, 189]
	}
	Block {
	  BlockType		  Outport
	  Name			  "y"
	  SID			  "66::5"
	  Position		  [460, 101, 480, 119]
	  IconDisplay		  "Port number"
	}
	Line {
	  SrcBlock		  "wysokoscNadPoziomemMorza"
	  SrcPort		  1
	  DstBlock		  " SFunction "
	  DstPort		  1
	}
	Line {
	  Name			  "y"
	  Labels		  [0, 0]
	  SrcBlock		  " SFunction "
	  SrcPort		  2
	  DstBlock		  "y"
	  DstPort		  1
	}
	Line {
	  SrcBlock		  " Demux "
	  SrcPort		  1
	  DstBlock		  " Terminator "
	  DstPort		  1
	}
	Line {
	  SrcBlock		  " SFunction "
	  SrcPort		  1
	  DstBlock		  " Demux "
	  DstPort		  1
	}
      }
    }
    Block {
      BlockType		      Math
      Name		      "Math\nFunction"
      SID		      "62"
      Ports		      [2, 1]
      Position		      [800, 1642, 830, 1673]
      Operator		      "pow"
    }
    Block {
      BlockType		      Math
      Name		      "Math\nFunction1"
      SID		      "22"
      Ports		      [2, 1]
      Position		      [350, 832, 380, 863]
      Operator		      "pow"
      Port {
	PortNumber		1
	Name			"masa powietrza w balonie\n[ kg ]"
	RTWStorageClass		"Auto"
	DataLoggingNameMode	"SignalName"
      }
    }
    Block {
      BlockType		      Mux
      Name		      "Mux2"
      SID		      "54"
      Ports		      [2, 1]
      Position		      [725, 1346, 730, 1384]
      ShowName		      off
      Inputs		      "2"
      DisplayOption	      "bar"
    }
    Block {
      BlockType		      Constant
      Name		      "Objetosc koperty\nbalonu"
      SID		      "33"
      Position		      [350, 1035, 380, 1065]
      Value		      "V"
    }
    Block {
      BlockType		      Gain
      Name		      "Obliczamy o ile odnizyla\nsie temperatura po\nwzrosicie wysokosci na jakiej\nznajduje sie balon"
      SID		      "57"
      Position		      [390, 1488, 510, 1532]
      Gain		      "spadekTemp"
      ParamDataTypeStr	      "Inherit: Inherit via internal rule"
      OutDataTypeStr	      "Inherit: Inherit via internal rule"
      SaturateOnIntegerOverflow	off
      Port {
	PortNumber		1
	Name			"spadek temp [ K ]"
	RTWStorageClass		"Auto"
	DataLoggingNameMode	"SignalName"
      }
    }
    Block {
      BlockType		      Product
      Name		      "Product"
      SID		      "78"
      Ports		      [2, 1]
      Position		      [735, 1977, 765, 2008]
      InputSameDT	      off
      OutDataTypeStr	      "Inherit: Inherit via internal rule"
      SaturateOnIntegerOverflow	off
      Port {
	PortNumber		1
	Name			"1/aktualnaTemp [ 1 / K ]"
	RTWStorageClass		"Auto"
	DataLoggingNameMode	"SignalName"
      }
    }
    Block {
      BlockType		      Product
      Name		      "Product1"
      SID		      "79"
      Ports		      [2, 1]
      Position		      [835, 1932, 865, 1963]
      InputSameDT	      off
      OutDataTypeStr	      "Inherit: Inherit via internal rule"
      SaturateOnIntegerOverflow	off
      Port {
	PortNumber		1
	Name			"ro = (aktualneCisnienie * masaMolowaPow)\n/ (stalaR * aktualnaTemp)"
	RTWStorageClass		"Auto"
	DataLoggingNameMode	"SignalName"
      }
    }
    Block {
      BlockType		      Scope
      Name		      "Scope"
      SID		      "1"
      Ports		      [1]
      Position		      [1240, 444, 1270, 476]
      Floating		      off
      Location		      [198, 91, 609, 388]
      Open		      off
      NumInputPorts	      "1"
      List {
	ListType		AxesTitles
	axes1			"%<SignalLabel>"
      }
      DataFormat	      "StructureWithTime"
      SampleTime	      "0"
    }
    Block {
      BlockType		      Scope
      Name		      "Scope1"
      SID		      "16"
      Ports		      [1]
      Position		      [655, 694, 685, 726]
      Floating		      off
      Location		      [124, 268, 631, 594]
      Open		      off
      NumInputPorts	      "1"
      ZoomMode		      "xonly"
      List {
	ListType		AxesTitles
	axes1			"%<SignalLabel>"
      }
      SaveName		      "ScopeData1"
      DataFormat	      "StructureWithTime"
      SampleTime	      "0"
    }
    Block {
      BlockType		      Scope
      Name		      "Scope2"
      SID		      "17"
      Ports		      [1]
      Position		      [489, 380, 521, 410]
      BlockRotation	      270
      Floating		      off
      Location		      [174, 390, 576, 664]
      Open		      off
      NumInputPorts	      "1"
      List {
	ListType		AxesTitles
	axes1			"%<SignalLabel>"
      }
      SaveName		      "ScopeData2"
      DataFormat	      "StructureWithTime"
      SampleTime	      "0"
    }
    Block {
      BlockType		      Scope
      Name		      "Scope3"
      SID		      "20"
      Ports		      [1]
      Position		      [279, 540, 311, 570]
      BlockRotation	      270
      Floating		      off
      Location		      [174, 390, 669, 703]
      Open		      off
      NumInputPorts	      "1"
      List {
	ListType		AxesTitles
	axes1			"%<SignalLabel>"
      }
      SaveName		      "ScopeData3"
      DataFormat	      "StructureWithTime"
      SampleTime	      "0"
    }
    Block {
      BlockType		      Scope
      Name		      "Scope6"
      SID		      "55"
      Ports		      [1]
      Position		      [765, 1349, 795, 1381]
      Floating		      off
      Location		      [198, 91, 609, 388]
      Open		      off
      NumInputPorts	      "1"
      List {
	ListType		AxesTitles
	axes1			"%<SignalLabel>"
      }
      SaveName		      "ScopeData6"
      DataFormat	      "StructureWithTime"
      SampleTime	      "0"
    }
    Block {
      BlockType		      Sum
      Name		      "Sum"
      SID		      "9"
      Ports		      [2, 1]
      Position		      [775, 645, 825, 695]
      BlockMirror	      on
      NamePlacement	      "alternate"
      ShowName		      off
      IconShape		      "round"
      Inputs		      "|++"
      InputSameDT	      off
      OutDataTypeStr	      "Inherit: Inherit via internal rule"
      SaturateOnIntegerOverflow	off
      Port {
	PortNumber		1
	Name			"temp powietrza w balonie [ K ]"
	RTWStorageClass		"Auto"
	DataLoggingNameMode	"SignalName"
      }
    }
    Block {
      BlockType		      Sum
      Name		      "Sum1"
      SID		      "25"
      Ports		      [2, 1]
      Position		      [520, 825, 570, 875]
      ShowName		      off
      IconShape		      "round"
      Inputs		      "|++"
      InputSameDT	      off
      OutDataTypeStr	      "Inherit: Inherit via internal rule"
      SaturateOnIntegerOverflow	off
      Port {
	PortNumber		1
	Name			"calkowita masa balonu [ kg ]"
	RTWStorageClass		"Auto"
	DataLoggingNameMode	"SignalName"
      }
    }
    Block {
      BlockType		      Sum
      Name		      "Sum2"
      SID		      "36"
      Ports		      [2, 1]
      Position		      [910, 878, 955, 922]
      ShowName		      off
      Inputs		      "|-+"
      InputSameDT	      off
      OutDataTypeStr	      "Inherit: Inherit via internal rule"
      SaturateOnIntegerOverflow	off
      Port {
	PortNumber		1
	Name			"sila wypadkowa [ N ]"
	RTWStorageClass		"Auto"
	DataLoggingNameMode	"SignalName"
      }
    }
    Block {
      BlockType		      Sum
      Name		      "Sum3"
      SID		      "58"
      Ports		      [2, 1]
      Position		      [620, 1485, 670, 1535]
      ShowName		      off
      IconShape		      "round"
      Inputs		      "|++"
      InputSameDT	      off
      OutDataTypeStr	      "Inherit: Inherit via internal rule"
      SaturateOnIntegerOverflow	off
      Port {
	PortNumber		1
	Name			"temp. na danej wysokosci [ K ]"
	RTWStorageClass		"Auto"
	DataLoggingNameMode	"SignalName"
      }
    }
    Block {
      BlockType		      Sum
      Name		      "Sum4"
      SID		      "60"
      Ports		      [2, 1]
      Position		      [620, 1635, 670, 1685]
      ShowName		      off
      IconShape		      "round"
      Inputs		      "|-+"
      InputSameDT	      off
      OutDataTypeStr	      "Inherit: Inherit via internal rule"
      SaturateOnIntegerOverflow	off
    }
    Block {
      BlockType		      Constant
      Name		      "Temp. na powierzchni Ziemii"
      SID		      "56"
      Position		      [630, 1560, 660, 1590]
      BlockRotation	      270
      Value		      "T0"
    }
    Block {
      BlockType		      Integrator
      Name		      "a * dt = dv"
      SID		      "40"
      Ports		      [1, 1]
      Position		      [390, 1235, 420, 1265]
      Port {
	PortNumber		1
	Name			"predkosc [ m / s ]"
	RTWStorageClass		"Auto"
	DataLoggingNameMode	"SignalName"
      }
    }
    Block {
      BlockType		      Constant
      Name		      "gestosc powietrza\nna poziomie morza przy \ntemp 20 *C"
      SID		      "29"
      Position		      [350, 955, 380, 985]
      Value		      "ro0"
      Port {
	PortNumber		1
	Name			"!!!!!!!!!!!!!!!!!!!! tylko tymczasowe"
	RTWStorageClass		"Auto"
	DataLoggingNameMode	"SignalName"
      }
    }
    Block {
      BlockType		      Switch
      Name		      "jesli jestesmy na wysokosci\ndodatniej, to mozemy opasc\nlub sie wzniesc"
      SID		      "49"
      Position		      [600, 1230, 650, 1270]
      InputSameDT	      off
      SaturateOnIntegerOverflow	off
    }
    Block {
      BlockType		      Switch
      Name		      "jesli nie jestesmy ponad\nZiemia to mozemy\nsie jedynie wzniesc"
      SID		      "50"
      Position		      [480, 1300, 530, 1340]
      InputSameDT	      off
      SaturateOnIntegerOverflow	off
    }
    Block {
      BlockType		      Constant
      Name		      "masa balonu\nbez powietrza w balonie"
      SID		      "24"
      Position		      [350, 895, 380, 925]
      Value		      "mb"
    }
    Block {
      BlockType		      Constant
      Name		      "powierzchnia Ziemii"
      SID		      "51"
      Position		      [375, 1323, 400, 1347]
      Value		      "0"
    }
    Block {
      BlockType		      Constant
      Name		      "stala do rownania"
      SID		      "61"
      Position		      [630, 1715, 660, 1745]
      BlockRotation	      270
    }
    Block {
      BlockType		      Constant
      Name		      "stala do rownania1"
      SID		      "63"
      Position		      [760, 1715, 790, 1745]
      BlockRotation	      270
      Value		      "(g*Mp)/(R*spadekTemp)"
    }
    Block {
      BlockType		      Integrator
      Name		      "v * dt = dh"
      SID		      "43"
      Ports		      [1, 1]
      Position		      [720, 1235, 750, 1265]
      Port {
	PortNumber		1
	Name			"przyrost wysokosci [ m ]"
	RTWStorageClass		"Auto"
	DataLoggingNameMode	"SignalName"
      }
    }
    Line {
      Name		      "dostarczona temp [ K ]"
      Labels		      [0, 0]
      SrcBlock		      "Integrator dT / dt = P / ( Cw * m)"
      SrcPort		      1
      DstBlock		      "Gain3"
      DstPort		      1
    }
    Line {
      SrcBlock		      "Gain"
      SrcPort		      1
      DstBlock		      "Integrator dT / dt = P / ( Cw * m)"
      DstPort		      1
    }
    Line {
      Name		      "temp powietrza w balonie [ K ]"
      Labels		      [0, 0]
      SrcBlock		      "Sum"
      SrcPort		      1
      Points		      [-205, 0]
      Branch {
	Points			[0, 40]
	DstBlock		"Scope1"
	DstPort			1
      }
      Branch {
	DstBlock		"Gain1"
	DstPort			1
      }
    }
    Line {
      SrcBlock		      "Constant - temp. poczatkowa\npowietrza w balonie"
      SrcPort		      1
      DstBlock		      "Sum"
      DstPort		      2
    }
    Line {
      Name		      "odwrotnosc gestosci \npowietrzaw balonie [ m^3 / kg ]"
      Labels		      [0, 0]
      SrcBlock		      "Gain1"
      SrcPort		      1
      Points		      [-155, 0; 0, -55]
      Branch {
	Points			[0, -155]
	DstBlock		"Gain2"
	DstPort			1
      }
      Branch {
	Points			[105, 0]
	DstBlock		"Scope3"
	DstPort			1
      }
    }
    Line {
      Name		      "odwrotnosc masy powietrza\nw balonie [ 1 / kg ]"
      Labels		      [0, 0; 0, 0]
      SrcBlock		      "Gain2"
      SrcPort		      1
      Points		      [30, 0]
      Branch {
	Points			[165, 0]
	Branch {
	  DstBlock		  "Gain"
	  DstPort		  1
	}
	Branch {
	  Points		  [5, 0]
	  DstBlock		  "Scope2"
	  DstPort		  1
	}
      }
      Branch {
	DstBlock		"Math\nFunction1"
	DstPort			1
      }
    }
    Line {
      SrcBlock		      "Constant\nmase podnosimy \ndo potegi -1"
      SrcPort		      1
      DstBlock		      "Math\nFunction1"
      DstPort		      2
    }
    Line {
      Name		      "temperatura, ktora\ndociera do balonu\n- chodzi o sprawnosc\npalnika"
      Labels		      [0, 0]
      SrcBlock		      "Gain3"
      SrcPort		      1
      DstBlock		      "Gain4"
      DstPort		      1
    }
    Line {
      Name		      "masa powietrza w balonie\n[ kg ]"
      Labels		      [0, 0; 0, 0]
      SrcBlock		      "Math\nFunction1"
      SrcPort		      1
      Points		      [55, 0]
      Branch {
	DstBlock		"Sum1"
	DstPort			1
      }
      Branch {
	Points			[0, 75]
	DstBlock		"Fwypadkowa/masa [ m / s^2 ]"
	DstPort			2
      }
    }
    Line {
      SrcBlock		      "masa balonu\nbez powietrza w balonie"
      SrcPort		      1
      Points		      [160, 0]
      DstBlock		      "Sum1"
      DstPort		      2
    }
    Line {
      Name		      "calkowita masa balonu [ kg ]"
      Labels		      [0, 0; 0, 0]
      SrcBlock		      "Sum1"
      SrcPort		      1
      DstBlock		      "F = mbalonu * g"
      DstPort		      2
    }
    Line {
      SrcBlock		      "!!!!!!!!!!!\ntylko tymczasowe"
      SrcPort		      1
      Points		      [10, 0]
      Branch {
	Points			[25, 0; 0, 45]
	DstBlock		"F = mbalonu * g"
	DstPort			1
      }
      Branch {
	Points			[0, 190]
	DstBlock		"Fw = ro * g * V"
	DstPort			2
      }
    }
    Line {
      Name		      "sila ciezkosci balonu [ N ]"
      Labels		      [0, 0]
      SrcBlock		      "F = mbalonu * g"
      SrcPort		      1
      Points		      [120, 0; 0, 55]
      DstBlock		      "Sum2"
      DstPort		      1
    }
    Line {
      Name		      "!!!!!!!!!!!!!!!!!!!! tylko tymczasowe"
      Labels		      [0, 0]
      SrcBlock		      "gestosc powietrza\nna poziomie morza przy \ntemp 20 *C"
      SrcPort		      1
      DstBlock		      "Fw = ro * g * V"
      DstPort		      1
    }
    Line {
      SrcBlock		      "Objetosc koperty\nbalonu"
      SrcPort		      1
      Points		      [275, 0; 0, -60]
      DstBlock		      "Fw = ro * g * V"
      DstPort		      3
    }
    Line {
      Name		      "sila wyporu [ N ]"
      Labels		      [0, 0]
      SrcBlock		      "Fw = ro * g * V"
      SrcPort		      1
      Points		      [120, 0; 0, -65]
      DstBlock		      "Sum2"
      DstPort		      2
    }
    Line {
      Name		      "sila wypadkowa [ N ]"
      Labels		      [0, 0; 0, 0]
      SrcBlock		      "Sum2"
      SrcPort		      1
      DstBlock		      "Fwypadkowa/masa [ m / s^2 ]"
      DstPort		      1
    }
    Line {
      Name		      "przyspieszenie\npowstale w wyniku sily\nwyporu i ciezkosci [ m / s^2 ]"
      Labels		      [0, 0]
      SrcBlock		      "Fwypadkowa/masa [ m / s^2 ]"
      SrcPort		      1
      Points		      [120, 0; 0, 225; -905, 0; 0, 110]
      DstBlock		      "a * dt = dv"
      DstPort		      1
    }
    Line {
      SrcBlock		      "Gain4"
      SrcPort		      1
      Points		      [145, 0]
      Branch {
	DstBlock		"Scope"
	DstPort			1
      }
      Branch {
	Points			[0, 210]
	DstBlock		"Sum"
	DstPort			1
      }
    }
    Line {
      Name		      "przyrost wysokosci [ m ]"
      Labels		      [0, 0; 0, 0]
      SrcBlock		      "v * dt = dh"
      SrcPort		      1
      Points		      [115, 0]
      Branch {
	Points			[0, -55; -285, 0]
	DstBlock		"jesli jestesmy na wysokosci\ndodatniej, to mozemy opasc\nlub sie wzniesc"
	DstPort			2
      }
      Branch {
	Points			[375, 0; 0, 185; -905, 0; 0, 75]
	Branch {
	  DstBlock		  "Obliczamy o ile odnizyla\nsie temperatura po\nwzrosicie wysokosci na jakiej\nznajduje sie balon"
	  DstPort		  1
	}
	Branch {
	  Points		  [0, 150]
	  Branch {
	    DstBlock		    "Gain5"
	    DstPort		    1
	  }
	  Branch {
	    Points		    [0, 160]
	    DstBlock		    "MATLAB Function"
	    DstPort		    1
	  }
	}
      }
    }
    Line {
      SrcBlock		      "jesli jestesmy na wysokosci\ndodatniej, to mozemy opasc\nlub sie wzniesc"
      SrcPort		      1
      Points		      [35, 0]
      Branch {
	DstBlock		"v * dt = dh"
	DstPort			1
      }
      Branch {
	Points			[0, 125]
	DstBlock		"Mux2"
	DstPort			2
      }
    }
    Line {
      Name		      "predkosc [ m / s ]"
      Labels		      [0, 0; 0, 0]
      SrcBlock		      "a * dt = dv"
      SrcPort		      1
      Points		      [15, 0]
      Branch {
	Points			[0, 70]
	DstBlock		"jesli nie jestesmy ponad\nZiemia to mozemy\nsie jedynie wzniesc"
	DstPort			2
      }
      Branch {
	Points			[15, 0]
	Branch {
	  Points		  [0, 55]
	  DstBlock		  "jesli nie jestesmy ponad\nZiemia to mozemy\nsie jedynie wzniesc"
	  DstPort		  1
	}
	Branch {
	  Points		  [75, 0; 0, -15; 20, 0]
	  Branch {
	    DstBlock		    "jesli jestesmy na wysokosci\ndodatniej, to mozemy opasc\nlub sie wzniesc"
	    DstPort		    1
	  }
	  Branch {
	    Points		    [0, 120]
	    DstBlock		    "Mux2"
	    DstPort		    1
	  }
	}
      }
    }
    Line {
      SrcBlock		      "jesli nie jestesmy ponad\nZiemia to mozemy\nsie jedynie wzniesc"
      SrcPort		      1
      Points		      [25, 0; 0, -55]
      DstBlock		      "jesli jestesmy na wysokosci\ndodatniej, to mozemy opasc\nlub sie wzniesc"
      DstPort		      3
    }
    Line {
      SrcBlock		      "powierzchnia Ziemii"
      SrcPort		      1
      DstBlock		      "jesli nie jestesmy ponad\nZiemia to mozemy\nsie jedynie wzniesc"
      DstPort		      3
    }
    Line {
      SrcBlock		      "Mux2"
      SrcPort		      1
      DstBlock		      "Scope6"
      DstPort		      1
    }
    Line {
      SrcBlock		      "Constant"
      SrcPort		      1
      Points		      [30, 0; 0, -160]
    }
    Line {
      SrcBlock		      "Temp. na powierzchni Ziemii"
      SrcPort		      1
      DstBlock		      "Sum3"
      DstPort		      2
    }
    Line {
      Name		      "spadek temp [ K ]"
      Labels		      [0, 0]
      SrcBlock		      "Obliczamy o ile odnizyla\nsie temperatura po\nwzrosicie wysokosci na jakiej\nznajduje sie balon"
      SrcPort		      1
      DstBlock		      "Sum3"
      DstPort		      1
    }
    Line {
      Name		      "temp. na danej wysokosci [ K ]"
      Labels		      [0, 0]
      SrcBlock		      "Sum3"
      SrcPort		      1
      DstBlock		      "Goto"
      DstPort		      1
    }
    Line {
      Name		      "(spadekTemp * h)/(T0)"
      Labels		      [0, 0]
      SrcBlock		      "Gain5"
      SrcPort		      1
      DstBlock		      "Sum4"
      DstPort		      1
    }
    Line {
      SrcBlock		      "stala do rownania"
      SrcPort		      1
      DstBlock		      "Sum4"
      DstPort		      2
    }
    Line {
      SrcBlock		      "Sum4"
      SrcPort		      1
      Points		      [70, 0; 0, -10]
      DstBlock		      "Math\nFunction"
      DstPort		      1
    }
    Line {
      SrcBlock		      "stala do rownania1"
      SrcPort		      1
      Points		      [0, -45]
      DstBlock		      "Math\nFunction"
      DstPort		      2
    }
    Line {
      SrcBlock		      "Math\nFunction"
      SrcPort		      1
      DstBlock		      "Gain6"
      DstPort		      1
    }
    Line {
      Name		      "cisnienie na danej\nwysokosci nad poziomem\nmorza [ Pa ]"
      Labels		      [0, 0]
      SrcBlock		      "Gain6"
      SrcPort		      1
      DstBlock		      "Goto1"
      DstPort		      1
    }
    Line {
      Name		      "Przyspieszenie ziemskie\nna danej wysokosci [ m / s^2 ]"
      Labels		      [0, 0]
      SrcBlock		      "MATLAB Function"
      SrcPort		      1
      DstBlock		      "Goto2"
      DstPort		      1
    }
    Line {
      SrcBlock		      "From"
      SrcPort		      1
      DstBlock		      "Gain7"
      DstPort		      1
    }
    Line {
      SrcBlock		      "From1"
      SrcPort		      1
      Points		      [200, 0; 0, -15]
      DstBlock		      "Product"
      DstPort		      1
    }
    Line {
      SrcBlock		      "Constant\nmase podnosimy \ndo potegi -2"
      SrcPort		      1
      Points		      [30, 0]
      DstBlock		      "Product"
      DstPort		      2
    }
    Line {
      SrcBlock		      "Gain7"
      SrcPort		      1
      DstBlock		      "Product1"
      DstPort		      1
    }
    Line {
      Name		      "1/aktualnaTemp [ 1 / K ]"
      Labels		      [0, 0]
      SrcBlock		      "Product"
      SrcPort		      1
      Points		      [25, 0; 0, -40]
      DstBlock		      "Product1"
      DstPort		      2
    }
    Line {
      Name		      "ro = (aktualneCisnienie * masaMolowaPow)\n/ (stalaR * aktualnaTemp)"
      Labels		      [0, 0]
      SrcBlock		      "Product1"
      SrcPort		      1
      DstBlock		      "Goto3"
      DstPort		      1
    }
    Annotation {
      Position		      [1260, 467]
    }
    Annotation {
      Name		      "Fwypadkowa =\nFwyp - Fciezkosci"
      Position		      [935, 934]
    }
    Annotation {
      Position		      [625, 1282]
    }
  }
}
# Finite State Machines
#
#    Stateflow Version 7.5 (R2010a) dated Mar  4 2011, 22:36:02
#
#


Stateflow {
  machine {
    id			    1
    name		    "balon_model"
    created		    "10-Dec-2015 21:54:52"
    isLibrary		    0
    firstTarget		    9
    sfVersion		    75014001
  }
  chart {
    id			    2
    name		    "MATLAB Function"
    windowPosition	    [338.175 356.325 200.25 189.75]
    viewLimits		    [0 156.75 0 153.75]
    screen		    [1 1 1536 864 1.333333333333333]
    treeNode		    [0 3 0 0]
    firstTransition	    5
    firstJunction	    4
    viewObj		    2
    machine		    1
    toolbarMode		    LIBRARY_TOOLBAR
    subviewS {
    }
    ssIdHighWaterMark	    5
    decomposition	    CLUSTER_CHART
    type		    EML_CHART
    firstData		    6
    chartFileNumber	    2
    disableImplicitCasting  1
    eml {
      name		      "fcn"
    }
  }
  state {
    id			    3
    labelString		    "eML_blk_kernel()"
    position		    [18 64.5 118 66]
    fontSize		    12
    chart		    2
    treeNode		    [2 0 0 0]
    superState		    SUBCHART
    subviewer		    2
    ssIdNumber		    1
    type		    FUNC_STATE
    decomposition	    CLUSTER_STATE
    eml {
      isEML		      1
      script		      "function y = fcn(wysokoscNadPoziomemMorza)\nG = 6.67 * 10^(-11); %Staa grawitacji [ m^3 / (kg * "
      "s^2) ]\nmz = 5.97219 * 10^24; %masa Ziemii [ kg ]\nGmz = G * mz; %Wspczynnik uywany do obliczania przyspiesze"
      "nia ziemskiego\ny = Gmz / (wysokoscNadPoziomemMorza + promienZiemii)^2;"
      editorLayout	      "100 M4x1[224 47 1080 733]"
    }
  }
  junction {
    id			    4
    position		    [23.5747 49.5747 7]
    chart		    2
    linkNode		    [2 0 0]
    subviewer		    2
    ssIdNumber		    3
    type		    CONNECTIVE_JUNCTION
  }
  transition {
    id			    5
    labelString		    "{eML_blk_kernel();}"
    labelPosition	    [32.125 19.875 102.544 14.964]
    fontSize		    12
    src {
      intersection	      [0 0 1 0 23.5747 14.625 0 0]
    }
    dst {
      id		      4
      intersection	      [7 0 -1 -1 23.5747 42.5747 0 0]
    }
    midPoint		    [23.5747 24.9468]
    chart		    2
    linkNode		    [2 0 0]
    dataLimits		    [23.575 23.575 14.625 34.575]
    subviewer		    2
    drawStyle		    SMART
    executionOrder	    1
    ssIdNumber		    2
  }
  data {
    id			    6
    ssIdNumber		    4
    name		    "wysokoscNadPoziomemMorza"
    linkNode		    [2 0 7]
    scope		    INPUT_DATA
    machine		    1
    props {
      array {
	size			"-1"
      }
      type {
	method			SF_INHERITED_TYPE
	primitive		SF_DOUBLE_TYPE
      }
      complexity	      SF_COMPLEX_INHERITED
    }
    dataType		    "Inherit: Same as Simulink"
  }
  data {
    id			    7
    ssIdNumber		    5
    name		    "y"
    linkNode		    [2 6 0]
    scope		    OUTPUT_DATA
    machine		    1
    props {
      array {
	size			"-1"
      }
      type {
	method			SF_INHERITED_TYPE
	primitive		SF_DOUBLE_TYPE
      }
      complexity	      SF_COMPLEX_INHERITED
      frame		      SF_FRAME_NO
    }
    dataType		    "Inherit: Same as Simulink"
  }
  instance {
    id			    8
    name		    "MATLAB Function"
    machine		    1
    chart		    2
  }
  target {
    id			    9
    name		    "sfun"
    description		    "Default Simulink S-Function Target."
    machine		    1
    linkNode		    [1 0 0]
  }
}
